[2025-05-20 16:53:21][INFO] Iniciando exportaci칩n de tareas a JSON
[2025-05-20 16:53:21][INFO] Exportaci칩n de tareas completada. Total de tareas exportadas: 1
[2025-05-20 16:55:31][INFO] Consultando lista de tareas
[2025-05-20 16:55:35][INFO] Tarea #1 marcada como pendiente
[2025-05-20 16:55:35][INFO] Consultando lista de tareas
[2025-05-20 16:55:36][INFO] Tarea #1 marcada como pendiente
[2025-05-20 16:55:36][INFO] Consultando lista de tareas
[2025-05-20 16:55:38][INFO] Subtarea #1 marcada como pendiente
[2025-05-20 16:55:38][INFO] Consultando lista de tareas
[2025-05-20 16:55:38][INFO] Subtarea #1 marcada como pendiente
[2025-05-20 16:55:38][INFO] Consultando lista de tareas
[2025-05-20 16:55:39][INFO] Subtarea #1 marcada como pendiente
[2025-05-20 16:55:39][INFO] Consultando lista de tareas
[2025-05-20 16:55:39][INFO] Subtarea #1 marcada como pendiente
[2025-05-20 16:55:39][INFO] Consultando lista de tareas
[2025-05-20 16:56:57][INFO] Consultando lista de tareas
[2025-05-20 16:56:57][INFO] Consultando lista de tareas
[2025-05-20 16:56:57][INFO] Consultando lista de tareas
[2025-05-20 16:56:58][INFO] Consultando lista de tareas
[2025-05-20 16:57:10][INFO] Consultando lista de tareas
[2025-05-20 16:57:10][INFO] Consultando lista de tareas
[2025-05-20 16:57:10][INFO] Consultando lista de tareas
[2025-05-20 16:57:11][INFO] Consultando lista de tareas
[2025-05-20 16:57:41][INFO] Consultando lista de tareas
[2025-05-20 17:02:59][INFO] Nueva tarea #2 creada: Dar un paseo
[2025-05-20 17:02:59][INFO] Etiqueta 'paseo' asociada a la tarea #2
[2025-05-20 17:02:59][INFO] Consultando lista de tareas
[2025-05-20 17:03:04][INFO] Tarea #2 marcada como pendiente
[2025-05-20 17:03:04][INFO] Consultando lista de tareas
[2025-05-20 17:03:04][INFO] Tarea #2 marcada como pendiente
[2025-05-20 17:03:04][INFO] Consultando lista de tareas
[2025-05-20 17:03:05][INFO] Tarea #2 marcada como pendiente
[2025-05-20 17:03:05][INFO] Consultando lista de tareas
[2025-05-20 17:03:06][INFO] Tarea #2 marcada como pendiente
[2025-05-20 17:03:06][INFO] Consultando lista de tareas
[2025-05-20 17:03:07][INFO] Tarea #2 marcada como pendiente
[2025-05-20 17:03:07][INFO] Consultando lista de tareas
[2025-05-20 17:07:00][INFO] Consultando lista de tareas
[2025-05-20 17:07:13][INFO] Tarea #1 marcada como pendiente
[2025-05-20 17:07:13][INFO] Consultando lista de tareas
[2025-05-20 17:07:14][INFO] Tarea #1 marcada como pendiente
[2025-05-20 17:07:14][INFO] Consultando lista de tareas
[2025-05-20 17:07:15][INFO] Tarea #1 marcada como pendiente
[2025-05-20 17:07:15][INFO] Consultando lista de tareas
[2025-05-20 17:07:15][INFO] Tarea #1 marcada como pendiente
[2025-05-20 17:07:15][INFO] Consultando lista de tareas
[2025-05-20 17:07:15][INFO] Tarea #1 marcada como pendiente
[2025-05-20 17:07:15][INFO] Consultando lista de tareas
[2025-05-20 17:07:15][INFO] Tarea #1 marcada como pendiente
[2025-05-20 17:07:15][INFO] Consultando lista de tareas
[2025-05-20 17:07:16][INFO] Tarea #1 marcada como pendiente
[2025-05-20 17:07:16][INFO] Consultando lista de tareas
[2025-05-20 17:08:04][INFO] Tarea #2 marcada como pendiente
[2025-05-20 17:08:04][INFO] Consultando lista de tareas
[2025-05-20 17:08:04][INFO] Tarea #2 marcada como pendiente
[2025-05-20 17:08:04][INFO] Consultando lista de tareas
[2025-05-20 17:08:05][INFO] Tarea #2 marcada como pendiente
[2025-05-20 17:08:05][INFO] Consultando lista de tareas
[2025-05-21 18:24:49][INFO] Consultando lista de tareas
[2025-05-21 18:24:51][INFO] Tarea #2 marcada como pendiente
[2025-05-21 18:24:51][INFO] Consultando lista de tareas
[2025-05-21 18:24:52][INFO] Tarea #2 marcada como pendiente
[2025-05-21 18:24:52][INFO] Consultando lista de tareas
[2025-05-21 18:24:52][INFO] Tarea #2 marcada como pendiente
[2025-05-21 18:24:53][INFO] Consultando lista de tareas
[2025-05-21 18:24:54][INFO] Tarea #2 marcada como pendiente
[2025-05-21 18:24:54][INFO] Consultando lista de tareas
[2025-05-21 18:24:55][INFO] Tarea #2 marcada como pendiente
[2025-05-21 18:24:55][INFO] Consultando lista de tareas
[2025-05-21 18:24:56][INFO] Tarea #2 marcada como pendiente
[2025-05-21 18:24:56][INFO] Consultando lista de tareas
[2025-05-21 18:25:38][INFO] Subtarea #1 marcada como pendiente
[2025-05-21 18:25:38][INFO] Consultando lista de tareas
[2025-05-21 18:25:39][INFO] Subtarea #2 marcada como pendiente
[2025-05-21 18:25:39][INFO] Consultando lista de tareas
[2025-05-21 18:41:47][INFO] Consultando lista de tareas
[2025-05-21 18:41:47][INFO] Consultando lista de tareas
[2025-05-21 18:41:48][INFO] Consultando lista de tareas
[2025-05-21 18:42:21][INFO] Tarea #2 marcada como pendiente
[2025-05-21 18:42:21][INFO] Consultando lista de tareas
[2025-05-21 18:42:22][INFO] Tarea #2 marcada como pendiente
[2025-05-21 18:42:22][INFO] Consultando lista de tareas
[2025-05-21 19:25:46][INFO] Consultando lista de tareas
[2025-05-21 19:25:48][INFO] Tarea #2 marcada como pendiente
[2025-05-21 19:25:48][INFO] Consultando lista de tareas
[2025-05-21 19:25:49][INFO] Tarea #2 marcada como pendiente
[2025-05-21 19:25:49][INFO] Consultando lista de tareas
[2025-05-21 19:25:49][INFO] Tarea #2 marcada como pendiente
[2025-05-21 19:25:49][INFO] Consultando lista de tareas
[2025-05-21 19:28:46][INFO] Consultando lista de tareas
[2025-05-21 19:29:54][INFO] Nueva tarea #3 creada: Hacer lasa침a
[2025-05-21 19:29:54][INFO] Subtarea creada para la tarea #3: Comprar los ingredientes
[2025-05-21 19:29:54][INFO] Subtarea creada para la tarea #3: Picar la carne
[2025-05-21 19:29:54][INFO] Subtarea creada para la tarea #3: Cocer la pasta
[2025-05-21 19:29:54][INFO] Subtarea creada para la tarea #3: Hornear
[2025-05-21 19:29:54][INFO] Etiqueta 'cocina' asociada a la tarea #3
[2025-05-21 19:29:54][INFO] Consultando lista de tareas
[2025-05-21 19:29:57][INFO] Tarea #3 marcada como pendiente
[2025-05-21 19:29:57][INFO] Consultando lista de tareas
[2025-05-21 19:29:58][INFO] Tarea #3 marcada como pendiente
[2025-05-21 19:29:58][INFO] Consultando lista de tareas
[2025-05-21 19:30:19][INFO] Subtarea #6 marcada como pendiente
[2025-05-21 19:30:19][INFO] Consultando lista de tareas
[2025-05-21 19:30:19][INFO] Subtarea #6 marcada como pendiente
[2025-05-21 19:30:19][INFO] Consultando lista de tareas
[2025-05-21 19:30:19][INFO] Subtarea #6 marcada como pendiente
[2025-05-21 19:30:19][INFO] Consultando lista de tareas
[2025-05-21 19:30:19][INFO] Subtarea #6 marcada como pendiente
[2025-05-21 19:30:19][INFO] Consultando lista de tareas
[2025-05-21 19:32:45][INFO] Tarea #3 marcada como pendiente
[2025-05-21 19:32:45][INFO] Consultando lista de tareas
[2025-05-21 19:32:46][INFO] Tarea #3 marcada como pendiente
[2025-05-21 19:32:46][INFO] Consultando lista de tareas
[2025-05-21 19:38:10][INFO] Base de datos reiniciada por el usuario
[2025-05-21 19:38:11][INFO] Consultando lista de tareas
[2025-05-21 19:44:45][INFO] Consultando lista de tareas
[2025-05-21 19:45:08][INFO] Consultando lista de tareas
[2025-05-21 19:46:27][INFO] Nueva tarea #1 creada: Hacer lasa침a
[2025-05-21 19:46:27][INFO] Subtarea creada para la tarea #1: Comprar los ingredientes
[2025-05-21 19:46:27][INFO] Subtarea creada para la tarea #1: Picar la carne
[2025-05-21 19:46:27][INFO] Subtarea creada para la tarea #1: Cocer la pasta
[2025-05-21 19:46:27][INFO] Etiqueta 'cocina' asociada a la tarea #1
[2025-05-21 19:46:27][INFO] Consultando lista de tareas
[2025-05-21 19:47:03][INFO] Nueva tarea #1 creada: Dar un paseo
[2025-05-21 19:47:03][INFO] Consultando lista de tareas
[2025-05-21 19:50:08][INFO] Consultando lista de tareas
[2025-05-21 19:50:52][INFO] Nueva tarea #1 creada: Dar un paseo
[2025-05-21 19:50:52][INFO] Consultando lista de tareas
[2025-05-21 19:50:54][INFO] Tarea #1 marcada como pendiente
[2025-05-21 19:50:54][INFO] Consultando lista de tareas
[2025-05-21 19:50:54][INFO] Tarea #1 marcada como pendiente
[2025-05-21 19:50:54][INFO] Consultando lista de tareas
[2025-05-21 19:50:54][INFO] Tarea #1 marcada como pendiente
[2025-05-21 19:50:54][INFO] Consultando lista de tareas
[2025-05-21 19:50:54][INFO] Tarea #1 marcada como pendiente
[2025-05-21 19:50:54][INFO] Consultando lista de tareas
[2025-05-21 19:50:55][INFO] Tarea #1 marcada como pendiente
[2025-05-21 19:50:55][INFO] Consultando lista de tareas
[2025-05-21 19:51:04][INFO] Consultando lista de tareas
[2025-05-21 19:51:05][INFO] Consultando lista de tareas
[2025-05-21 19:51:05][INFO] Consultando lista de tareas
[2025-05-21 19:54:54][INFO] Tarea #1 marcada como pendiente
[2025-05-21 19:54:54][INFO] Consultando lista de tareas
[2025-05-21 19:55:16][INFO] Nueva tarea #1 creada: Dar un paseo
[2025-05-21 19:55:16][INFO] Consultando lista de tareas
[2025-05-21 19:55:18][INFO] Tarea #1 marcada como pendiente
[2025-05-21 19:55:18][INFO] Consultando lista de tareas
[2025-05-21 19:55:18][INFO] Tarea #1 marcada como pendiente
[2025-05-21 19:55:18][INFO] Consultando lista de tareas
[2025-05-21 19:55:18][INFO] Tarea #1 marcada como pendiente
[2025-05-21 19:55:18][INFO] Consultando lista de tareas
[2025-05-21 19:55:19][INFO] Tarea #1 marcada como pendiente
[2025-05-21 19:55:19][INFO] Consultando lista de tareas
[2025-05-21 19:55:19][INFO] Tarea #1 marcada como pendiente
[2025-05-21 19:55:19][INFO] Consultando lista de tareas
[2025-05-21 19:55:19][INFO] Tarea #1 marcada como pendiente
[2025-05-21 19:55:19][INFO] Consultando lista de tareas
[2025-05-21 19:55:21][INFO] Consultando lista de tareas
[2025-05-21 19:55:22][INFO] Consultando lista de tareas
[2025-05-21 19:55:22][INFO] Consultando lista de tareas
[2025-05-21 19:55:22][INFO] Consultando lista de tareas
[2025-05-21 19:55:35][INFO] Tarea #1 eliminada
[2025-05-21 19:55:35][INFO] Consultando lista de tareas
[2025-05-21 19:58:26][INFO] Consultando lista de tareas
[2025-05-21 19:59:08][INFO] Consultando lista de tareas
[2025-05-21 19:59:21][INFO] Nueva tarea #1 creada: Dar un paseo
[2025-05-21 19:59:21][INFO] Consultando lista de tareas
[2025-05-21 19:59:22][INFO] Tarea #1 marcada como completada
[2025-05-21 19:59:22][INFO] Consultando lista de tareas
[2025-05-21 19:59:24][INFO] Tarea #1 marcada como pendiente
[2025-05-21 19:59:24][INFO] Consultando lista de tareas
[2025-05-21 19:59:25][INFO] Tarea #1 marcada como completada
[2025-05-21 19:59:25][INFO] Consultando lista de tareas
[2025-05-21 19:59:26][INFO] Tarea #1 marcada como pendiente
[2025-05-21 19:59:26][INFO] Consultando lista de tareas
[2025-05-21 19:59:27][INFO] Tarea #1 marcada como completada
[2025-05-21 19:59:27][INFO] Consultando lista de tareas
[2025-05-21 21:35:13][INFO] Consultando lista de tareas
[2025-05-21 21:35:26][INFO] Consultando lista de tareas
[2025-05-21 21:36:42][INFO] Consultando lista de tareas
[2025-05-21 21:36:58][INFO] Nueva tarea #2 creada: Jugar al tenis
[2025-05-21 21:36:58][INFO] Consultando lista de tareas
[2025-05-21 21:37:01][INFO] Tarea #2 marcada como completada
[2025-05-21 21:37:01][INFO] Consultando lista de tareas
[2025-05-21 21:37:01][INFO] Tarea #2 marcada como pendiente
[2025-05-21 21:37:01][INFO] Consultando lista de tareas
[2025-05-21 21:37:06][INFO] Tarea #1 marcada como pendiente
[2025-05-21 21:37:06][INFO] Consultando lista de tareas
[2025-05-21 21:37:07][INFO] Tarea #1 marcada como completada
[2025-05-21 21:37:07][INFO] Consultando lista de tareas
[2025-05-21 21:37:08][INFO] Tarea #2 marcada como completada
[2025-05-21 21:37:08][INFO] Consultando lista de tareas
[2025-05-21 21:37:09][INFO] Tarea #2 marcada como pendiente
[2025-05-21 21:37:09][INFO] Consultando lista de tareas
[2025-05-21 21:37:10][INFO] Tarea #2 marcada como completada
[2025-05-21 21:37:10][INFO] Consultando lista de tareas
[2025-05-21 21:37:11][INFO] Tarea #2 marcada como pendiente
[2025-05-21 21:37:11][INFO] Consultando lista de tareas
[2025-05-21 21:40:39][INFO] Consultando lista de tareas
